Sep 11, 2017 5:16:02 AM org.apache.catalina.core.ApplicationContext log
INFO: Initializing AtmosphereFramework
Sep 11, 2017 5:16:02 AM org.apache.catalina.core.ApplicationContext log
INFO: No Spring WebApplicationInitializer types detected on classpath
Sep 11, 2017 5:18:57 AM org.apache.catalina.core.ApplicationContext log
INFO: Initializing Spring FrameworkServlet 'buildServer'
Sep 11, 2017 5:19:18 AM org.apache.jasper.compiler.TldLocationsCache tldScanJar
INFO: At least one JAR was scanned for TLDs yet contained no TLDs. Enable debug logging for this logger for a complete list of JARs that were scanned but no TLDs were found in them. Skipping unneeded JARs during scanning can improve startup time and JSP compilation time.
Sep 11, 2017 5:19:32 AM com.sun.jersey.server.impl.application.WebApplicationImpl _initiate
INFO: Initiating Jersey application, version 'Jersey: 1.11 12/09/2011 10:27 AM'
Sep 11, 2017 5:19:42 AM com.sun.jersey.server.impl.application.WebApplicationImpl _initiate
INFO: Initiating Jersey application, version 'Jersey: 1.19 02/11/2015 03:25 AM'
Sep 11, 2017 5:19:42 AM com.sun.jersey.server.impl.application.DeferredResourceConfig$ApplicationHolder <init>
INFO: Instantiated the Application class jetbrains.buildServer.server.rest.jersey.ExtensionsAwareResourceConfig
Sep 11, 2017 5:19:44 AM com.sun.jersey.api.wadl.config.WadlGeneratorLoader loadWadlGenerator
INFO: Loading wadlGenerator com.sun.jersey.server.wadl.generators.WadlGeneratorApplicationDoc
Sep 11, 2017 5:19:44 AM com.sun.jersey.api.wadl.config.WadlGeneratorLoader loadWadlGenerator
INFO: Loading wadlGenerator jetbrains.buildServer.server.rest.jersey.WadlGenerator$PatchedWadlGenerator
Sep 11, 2017 5:19:44 AM com.sun.jersey.api.wadl.config.WadlGeneratorLoader loadWadlGenerator
INFO: Loading wadlGenerator com.sun.jersey.server.wadl.generators.resourcedoc.WadlGeneratorResourceDocSupport
Sep 11, 2017 7:19:19 AM org.apache.catalina.core.ApplicationContext log
INFO: Destroying Spring FrameworkServlet 'buildServer'
Sep 11, 2017 7:19:53 AM org.apache.catalina.core.ApplicationContext log
INFO: Initializing AtmosphereFramework
Sep 11, 2017 7:19:53 AM org.apache.catalina.core.ApplicationContext log
INFO: No Spring WebApplicationInitializer types detected on classpath
Sep 11, 2017 7:19:58 AM org.apache.catalina.core.ApplicationContext log
INFO: Initializing Spring FrameworkServlet 'buildServer'
Sep 11, 2017 7:20:20 AM com.sun.jersey.server.impl.application.WebApplicationImpl _initiate
INFO: Initiating Jersey application, version 'Jersey: 1.11 12/09/2011 10:27 AM'
Sep 11, 2017 7:20:21 AM org.apache.jasper.compiler.TldLocationsCache tldScanJar
INFO: At least one JAR was scanned for TLDs yet contained no TLDs. Enable debug logging for this logger for a complete list of JARs that were scanned but no TLDs were found in them. Skipping unneeded JARs during scanning can improve startup time and JSP compilation time.
Sep 11, 2017 7:20:44 AM com.sun.jersey.server.impl.application.WebApplicationImpl _initiate
INFO: Initiating Jersey application, version 'Jersey: 1.19 02/11/2015 03:25 AM'
Sep 11, 2017 7:20:44 AM com.sun.jersey.server.impl.application.DeferredResourceConfig$ApplicationHolder <init>
INFO: Instantiated the Application class jetbrains.buildServer.server.rest.jersey.ExtensionsAwareResourceConfig
Sep 11, 2017 7:20:46 AM com.sun.jersey.api.wadl.config.WadlGeneratorLoader loadWadlGenerator
INFO: Loading wadlGenerator com.sun.jersey.server.wadl.generators.WadlGeneratorApplicationDoc
Sep 11, 2017 7:20:46 AM com.sun.jersey.api.wadl.config.WadlGeneratorLoader loadWadlGenerator
INFO: Loading wadlGenerator jetbrains.buildServer.server.rest.jersey.WadlGenerator$PatchedWadlGenerator
Sep 11, 2017 7:20:46 AM com.sun.jersey.api.wadl.config.WadlGeneratorLoader loadWadlGenerator
INFO: Loading wadlGenerator com.sun.jersey.server.wadl.generators.resourcedoc.WadlGeneratorResourceDocSupport
Sep 11, 2017 7:24:30 AM org.apache.catalina.core.ApplicationContext log
INFO: Destroying Spring FrameworkServlet 'buildServer'
Sep 11, 2017 7:24:55 AM org.apache.catalina.core.ApplicationContext log
INFO: Initializing AtmosphereFramework
Sep 11, 2017 7:24:55 AM org.apache.catalina.core.ApplicationContext log
INFO: No Spring WebApplicationInitializer types detected on classpath
Sep 11, 2017 7:25:08 AM org.apache.catalina.core.ApplicationContext log
INFO: Initializing Spring FrameworkServlet 'buildServer'
Sep 11, 2017 7:25:26 AM org.apache.jasper.compiler.TldLocationsCache tldScanJar
INFO: At least one JAR was scanned for TLDs yet contained no TLDs. Enable debug logging for this logger for a complete list of JARs that were scanned but no TLDs were found in them. Skipping unneeded JARs during scanning can improve startup time and JSP compilation time.
Sep 11, 2017 7:25:33 AM com.sun.jersey.server.impl.application.WebApplicationImpl _initiate
INFO: Initiating Jersey application, version 'Jersey: 1.11 12/09/2011 10:27 AM'
Sep 11, 2017 7:25:51 AM com.sun.jersey.server.impl.application.WebApplicationImpl _initiate
INFO: Initiating Jersey application, version 'Jersey: 1.19 02/11/2015 03:25 AM'
Sep 11, 2017 7:25:52 AM com.sun.jersey.server.impl.application.DeferredResourceConfig$ApplicationHolder <init>
INFO: Instantiated the Application class jetbrains.buildServer.server.rest.jersey.ExtensionsAwareResourceConfig
Sep 11, 2017 7:25:53 AM com.sun.jersey.api.wadl.config.WadlGeneratorLoader loadWadlGenerator
INFO: Loading wadlGenerator com.sun.jersey.server.wadl.generators.WadlGeneratorApplicationDoc
Sep 11, 2017 7:25:53 AM com.sun.jersey.api.wadl.config.WadlGeneratorLoader loadWadlGenerator
INFO: Loading wadlGenerator jetbrains.buildServer.server.rest.jersey.WadlGenerator$PatchedWadlGenerator
Sep 11, 2017 7:25:53 AM com.sun.jersey.api.wadl.config.WadlGeneratorLoader loadWadlGenerator
INFO: Loading wadlGenerator com.sun.jersey.server.wadl.generators.resourcedoc.WadlGeneratorResourceDocSupport
Sep 11, 2017 7:28:31 AM org.apache.catalina.core.ApplicationContext log
INFO: Destroying Spring FrameworkServlet 'buildServer'
