Sep 11, 2017 5:15:57 AM org.apache.catalina.startup.VersionLoggerListener log
INFO: Server version:        Apache Tomcat/7.0.79
Sep 11, 2017 5:15:57 AM org.apache.catalina.startup.VersionLoggerListener log
INFO: Server built:          Jun 26 2017 16:25:20 UTC
Sep 11, 2017 5:15:57 AM org.apache.catalina.startup.VersionLoggerListener log
INFO: Server number:         7.0.79.0
Sep 11, 2017 5:15:57 AM org.apache.catalina.startup.VersionLoggerListener log
INFO: OS Name:               Linux
Sep 11, 2017 5:15:57 AM org.apache.catalina.startup.VersionLoggerListener log
INFO: OS Version:            4.9.41-moby
Sep 11, 2017 5:15:57 AM org.apache.catalina.startup.VersionLoggerListener log
INFO: Architecture:          amd64
Sep 11, 2017 5:15:57 AM org.apache.catalina.startup.VersionLoggerListener log
INFO: Java Home:             /usr/lib/jvm/oracle-jdk/jre
Sep 11, 2017 5:15:57 AM org.apache.catalina.startup.VersionLoggerListener log
INFO: JVM Version:           1.8.0_131-b11
Sep 11, 2017 5:15:57 AM org.apache.catalina.startup.VersionLoggerListener log
INFO: JVM Vendor:            Oracle Corporation
Sep 11, 2017 5:15:57 AM org.apache.catalina.startup.VersionLoggerListener log
INFO: CATALINA_BASE:         /opt/teamcity
Sep 11, 2017 5:15:57 AM org.apache.catalina.startup.VersionLoggerListener log
INFO: CATALINA_HOME:         /opt/teamcity
Sep 11, 2017 5:15:57 AM org.apache.catalina.startup.VersionLoggerListener log
INFO: Command line argument: -Djava.util.logging.config.file=/opt/teamcity/conf/logging.properties
Sep 11, 2017 5:15:57 AM org.apache.catalina.startup.VersionLoggerListener log
INFO: Command line argument: -Djava.util.logging.manager=org.apache.juli.ClassLoaderLogManager
Sep 11, 2017 5:15:57 AM org.apache.catalina.startup.VersionLoggerListener log
INFO: Command line argument: -Djdk.tls.ephemeralDHKeySize=2048
Sep 11, 2017 5:15:57 AM org.apache.catalina.startup.VersionLoggerListener log
INFO: Command line argument: -Xmx512m
Sep 11, 2017 5:15:57 AM org.apache.catalina.startup.VersionLoggerListener log
INFO: Command line argument: -Dteamcity.configuration.path=../conf/teamcity-startup.properties
Sep 11, 2017 5:15:57 AM org.apache.catalina.startup.VersionLoggerListener log
INFO: Command line argument: -Dlog4j.configuration=file:/opt/teamcity/bin/../conf/teamcity-server-log4j.xml
Sep 11, 2017 5:15:57 AM org.apache.catalina.startup.VersionLoggerListener log
INFO: Command line argument: -Dteamcity_logs=../logs/
Sep 11, 2017 5:15:57 AM org.apache.catalina.startup.VersionLoggerListener log
INFO: Command line argument: -Djava.awt.headless=true
Sep 11, 2017 5:15:57 AM org.apache.catalina.startup.VersionLoggerListener log
INFO: Command line argument: -Dtomcat.util.http.parser.HttpParser.requestTargetAllow={}
Sep 11, 2017 5:15:57 AM org.apache.catalina.startup.VersionLoggerListener log
INFO: Command line argument: -Djava.endorsed.dirs=/opt/teamcity/endorsed
Sep 11, 2017 5:15:57 AM org.apache.catalina.startup.VersionLoggerListener log
INFO: Command line argument: -Dcatalina.base=/opt/teamcity
Sep 11, 2017 5:15:57 AM org.apache.catalina.startup.VersionLoggerListener log
INFO: Command line argument: -Dcatalina.home=/opt/teamcity
Sep 11, 2017 5:15:57 AM org.apache.catalina.startup.VersionLoggerListener log
INFO: Command line argument: -Djava.io.tmpdir=/opt/teamcity/temp
Sep 11, 2017 5:15:57 AM org.apache.catalina.core.AprLifecycleListener lifecycleEvent
INFO: The APR based Apache Tomcat Native library which allows optimal performance in production environments was not found on the java.library.path: /usr/java/packages/lib/amd64:/usr/lib64:/lib64:/lib:/usr/lib
Sep 11, 2017 5:15:58 AM org.apache.coyote.AbstractProtocol init
INFO: Initializing ProtocolHandler ["http-nio-8111"]
Sep 11, 2017 5:15:58 AM org.apache.tomcat.util.net.NioSelectorPool getSharedSelector
INFO: Using a shared selector for servlet write/read
Sep 11, 2017 5:15:58 AM org.apache.catalina.startup.Catalina load
INFO: Initialization processed in 604 ms
Sep 11, 2017 5:15:58 AM org.apache.catalina.core.StandardService startInternal
INFO: Starting service Catalina
Sep 11, 2017 5:15:58 AM org.apache.catalina.core.StandardEngine startInternal
INFO: Starting Servlet Engine: Apache Tomcat/7.0.79
Sep 11, 2017 5:15:58 AM org.apache.catalina.startup.HostConfig deployDirectory
INFO: Deploying web application directory /opt/teamcity/webapps/ROOT
Sep 11, 2017 5:16:02 AM org.apache.catalina.startup.TldConfig execute
INFO: At least one JAR was scanned for TLDs yet contained no TLDs. Enable debug logging for this logger for a complete list of JARs that were scanned but no TLDs were found in them. Skipping unneeded JARs during scanning can improve startup time and JSP compilation time.
Using logs directory /opt/teamcity/logs
Log4J configuration file /opt/teamcity/bin/../conf/teamcity-server-log4j.xml will be monitored with interval 10 seconds.
Sep 11, 2017 5:16:02 AM org.apache.catalina.startup.HostConfig deployDirectory
INFO: Deployment of web application directory /opt/teamcity/webapps/ROOT has finished in 4,579 ms
Sep 11, 2017 5:16:02 AM org.apache.coyote.AbstractProtocol start
INFO: Starting ProtocolHandler ["http-nio-8111"]
Sep 11, 2017 5:16:02 AM org.apache.catalina.startup.Catalina start
INFO: Server startup in 4663 ms
TeamCity version: 2017.1.4 (build 47070), data format version 812
OS: Linux, version 4.9.41-moby, amd64, Current user: root, Time zone: UTC
Java: 1.8.0_131, Java HotSpot(TM) 64-Bit Server VM (25.131-b11, mixed mode), Java(TM) SE Runtime Environment (1.8.0_131-b11), Oracle Corporation; JVM parameters: -Djava.util.logging.config.file=/opt/teamcity/conf/logging.properties -Djava.util.logging.manager=org.apache.juli.ClassLoaderLogManager -Djdk.tls.ephemeralDHKeySize=2048 -Xmx512m -Dteamcity.configuration.path=../conf/teamcity-startup.properties -Dlog4j.configuration=file:/opt/teamcity/bin/../conf/teamcity-server-log4j.xml -Dteamcity_logs=../logs/ -Djava.awt.headless=true -Dtomcat.util.http.parser.HttpParser.requestTargetAllow={} -Djava.endorsed.dirs=/opt/teamcity/endorsed -Dcatalina.base=/opt/teamcity -Dcatalina.home=/opt/teamcity -Djava.io.tmpdir=/opt/teamcity/temp
Startup confirmation is required. Open TeamCity web page in the browser. Server is running at http://localhost:8111
[2017-09-11 05:17:29,970]  ERROR -  jetbrains.buildServer.STARTUP - No suitable JDBC driver found for database type: MySQL
 
=======================================================================
TeamCity initialized, server UUID: 5f3205c7-6a8b-4ea1-b248-dadb5f1cb1da, URL: http://localhost
TeamCity is running in professional mode
Super user authentication token: "5908947976731287045". To login as Super user use an empty username and this token as a password on the login page.
[Fatal Error] :2:1: Content is not allowed in prolog.
[Fatal Error] :2:1: Content is not allowed in prolog.
Sep 11, 2017 7:19:19 AM org.apache.catalina.core.StandardServer await
INFO: A valid shutdown command was received via the shutdown port. Stopping the Server instance.
Sep 11, 2017 7:19:19 AM org.apache.coyote.AbstractProtocol pause
INFO: Pausing ProtocolHandler ["http-nio-8111"]
Sep 11, 2017 7:19:19 AM org.apache.catalina.core.StandardService stopInternal
INFO: Stopping service Catalina
log4j:WARN No appenders could be found for logger (jetbrains.buildServer.STARTUP).
log4j:WARN Please initialize the log4j system properly.
Sep 11, 2017 7:19:20 AM org.apache.catalina.loader.WebappClassLoaderBase clearReferencesJdbc
SEVERE: The web application [] registered the JDBC driver [org.hsqldb.jdbc.JDBCDriver] but failed to unregister it when the web application was stopped. To prevent a memory leak, the JDBC Driver has been forcibly unregistered.
Sep 11, 2017 7:19:20 AM org.apache.catalina.loader.WebappClassLoaderBase clearReferencesJdbc
SEVERE: The web application [] registered the JDBC driver [org.hsqldb1.jdbcDriver] but failed to unregister it when the web application was stopped. To prevent a memory leak, the JDBC Driver has been forcibly unregistered.
Sep 11, 2017 7:19:20 AM org.apache.catalina.loader.WebappClassLoaderBase clearReferencesThreads
SEVERE: The web application [] appears to have started a thread named [Thread-3] but has failed to stop it. This is very likely to create a memory leak.
Sep 11, 2017 7:19:20 AM org.apache.catalina.loader.WebappClassLoaderBase clearReferencesThreads
SEVERE: The web application [] appears to have started a thread named [TeamCity Diagnostics Service 1] but has failed to stop it. This is very likely to create a memory leak.
Sep 11, 2017 7:19:20 AM org.apache.catalina.loader.WebappClassLoaderBase clearReferencesThreads
SEVERE: The web application [] appears to have started a thread named [Flush Web UI Updates 1] but has failed to stop it. This is very likely to create a memory leak.
Sep 11, 2017 7:19:20 AM org.apache.catalina.loader.WebappClassLoaderBase checkThreadLocalMapForLeaks
SEVERE: The web application [] created a ThreadLocal with key of type [org.eclipse.jgit.nls.NLS$1] (value [org.eclipse.jgit.nls.NLS$1@42b381a3]) and a value of type [org.eclipse.jgit.nls.NLS] (value [org.eclipse.jgit.nls.NLS@57f6466]) but failed to remove it when the web application was stopped. Threads are going to be renewed over time to try and avoid a probable memory leak.
Sep 11, 2017 7:19:20 AM org.apache.catalina.loader.WebappClassLoaderBase checkThreadLocalMapForLeaks
SEVERE: The web application [] created a ThreadLocal with key of type [org.eclipse.jgit.nls.NLS$1] (value [org.eclipse.jgit.nls.NLS$1@42b381a3]) and a value of type [org.eclipse.jgit.nls.NLS] (value [org.eclipse.jgit.nls.NLS@18f63df]) but failed to remove it when the web application was stopped. Threads are going to be renewed over time to try and avoid a probable memory leak.
Sep 11, 2017 7:19:20 AM org.apache.catalina.loader.WebappClassLoaderBase checkThreadLocalMapForLeaks
SEVERE: The web application [] created a ThreadLocal with key of type [org.eclipse.jgit.nls.NLS$1] (value [org.eclipse.jgit.nls.NLS$1@42b381a3]) and a value of type [org.eclipse.jgit.nls.NLS] (value [org.eclipse.jgit.nls.NLS@1d29763d]) but failed to remove it when the web application was stopped. Threads are going to be renewed over time to try and avoid a probable memory leak.
Sep 11, 2017 7:19:20 AM org.apache.catalina.loader.WebappClassLoaderBase checkThreadLocalMapForLeaks
SEVERE: The web application [] created a ThreadLocal with key of type [org.eclipse.jgit.nls.NLS$1] (value [org.eclipse.jgit.nls.NLS$1@42b381a3]) and a value of type [org.eclipse.jgit.nls.NLS] (value [org.eclipse.jgit.nls.NLS@114e5153]) but failed to remove it when the web application was stopped. Threads are going to be renewed over time to try and avoid a probable memory leak.
Sep 11, 2017 7:19:20 AM org.apache.catalina.loader.WebappClassLoaderBase checkThreadLocalMapForLeaks
SEVERE: The web application [] created a ThreadLocal with key of type [org.eclipse.jgit.nls.NLS$1] (value [org.eclipse.jgit.nls.NLS$1@42b381a3]) and a value of type [org.eclipse.jgit.nls.NLS] (value [org.eclipse.jgit.nls.NLS@181b5d8a]) but failed to remove it when the web application was stopped. Threads are going to be renewed over time to try and avoid a probable memory leak.
Sep 11, 2017 7:19:20 AM org.apache.catalina.loader.WebappClassLoaderBase checkThreadLocalMapForLeaks
SEVERE: The web application [] created a ThreadLocal with key of type [org.eclipse.jgit.nls.NLS$1] (value [org.eclipse.jgit.nls.NLS$1@42b381a3]) and a value of type [org.eclipse.jgit.nls.NLS] (value [org.eclipse.jgit.nls.NLS@7f00a8fa]) but failed to remove it when the web application was stopped. Threads are going to be renewed over time to try and avoid a probable memory leak.
Sep 11, 2017 7:19:20 AM org.apache.catalina.loader.WebappClassLoaderBase checkThreadLocalMapForLeaks
SEVERE: The web application [] created a ThreadLocal with key of type [org.eclipse.jgit.nls.NLS$1] (value [org.eclipse.jgit.nls.NLS$1@42b381a3]) and a value of type [org.eclipse.jgit.nls.NLS] (value [org.eclipse.jgit.nls.NLS@591a0a08]) but failed to remove it when the web application was stopped. Threads are going to be renewed over time to try and avoid a probable memory leak.
Sep 11, 2017 7:19:20 AM org.apache.catalina.loader.WebappClassLoaderBase checkThreadLocalMapForLeaks
SEVERE: The web application [] created a ThreadLocal with key of type [java.lang.ThreadLocal] (value [java.lang.ThreadLocal@1b2febac]) and a value of type [org.springframework.security.core.context.SecurityContextImpl] (value [org.springframework.security.core.context.SecurityContextImpl@ffffffff: Null authentication]) but failed to remove it when the web application was stopped. Threads are going to be renewed over time to try and avoid a probable memory leak.
Sep 11, 2017 7:19:20 AM org.apache.catalina.loader.WebappClassLoaderBase checkThreadLocalMapForLeaks
SEVERE: The web application [] created a ThreadLocal with key of type [jetbrains.buildServer.util.ThreadStat$1] (value [jetbrains.buildServer.util.ThreadStat$1@6112d74b]) and a value of type [jetbrains.buildServer.util.ThreadStatNoOp] (value [jetbrains.buildServer.util.ThreadStatNoOp@337bd894]) but failed to remove it when the web application was stopped. Threads are going to be renewed over time to try and avoid a probable memory leak.
Sep 11, 2017 7:19:20 AM org.apache.catalina.loader.WebappClassLoaderBase checkThreadLocalMapForLeaks
SEVERE: The web application [] created a ThreadLocal with key of type [org.eclipse.jgit.nls.NLS$1] (value [org.eclipse.jgit.nls.NLS$1@42b381a3]) and a value of type [org.eclipse.jgit.nls.NLS] (value [org.eclipse.jgit.nls.NLS@3a38deb9]) but failed to remove it when the web application was stopped. Threads are going to be renewed over time to try and avoid a probable memory leak.
Sep 11, 2017 7:19:20 AM org.apache.catalina.loader.WebappClassLoaderBase checkThreadLocalMapForLeaks
SEVERE: The web application [] created a ThreadLocal with key of type [jetbrains.buildServer.util.ThreadStat$1] (value [jetbrains.buildServer.util.ThreadStat$1@6112d74b]) and a value of type [jetbrains.buildServer.util.ThreadStatNoOp] (value [jetbrains.buildServer.util.ThreadStatNoOp@337bd894]) but failed to remove it when the web application was stopped. Threads are going to be renewed over time to try and avoid a probable memory leak.
Sep 11, 2017 7:19:20 AM org.apache.catalina.loader.WebappClassLoaderBase checkThreadLocalMapForLeaks
SEVERE: The web application [] created a ThreadLocal with key of type [org.eclipse.jgit.nls.NLS$1] (value [org.eclipse.jgit.nls.NLS$1@42b381a3]) and a value of type [org.eclipse.jgit.nls.NLS] (value [org.eclipse.jgit.nls.NLS@5e2e20d9]) but failed to remove it when the web application was stopped. Threads are going to be renewed over time to try and avoid a probable memory leak.
Sep 11, 2017 7:19:20 AM org.apache.catalina.loader.WebappClassLoaderBase checkThreadLocalMapForLeaks
SEVERE: The web application [] created a ThreadLocal with key of type [jetbrains.buildServer.util.ThreadStat$1] (value [jetbrains.buildServer.util.ThreadStat$1@6112d74b]) and a value of type [jetbrains.buildServer.util.ThreadStatNoOp] (value [jetbrains.buildServer.util.ThreadStatNoOp@337bd894]) but failed to remove it when the web application was stopped. Threads are going to be renewed over time to try and avoid a probable memory leak.
Sep 11, 2017 7:19:20 AM org.apache.catalina.loader.WebappClassLoaderBase checkThreadLocalMapForLeaks
SEVERE: The web application [] created a ThreadLocal with key of type [java.lang.ThreadLocal] (value [java.lang.ThreadLocal@29710cd8]) and a value of type [jetbrains.buildServer.util.NamedThreadFactory$1] (value [jetbrains.buildServer.util.NamedThreadFactory$1@4423de1a]) but failed to remove it when the web application was stopped. Threads are going to be renewed over time to try and avoid a probable memory leak.
Sep 11, 2017 7:19:20 AM org.apache.catalina.loader.WebappClassLoaderBase checkThreadLocalMapForLeaks
SEVERE: The web application [] created a ThreadLocal with key of type [java.lang.ThreadLocal] (value [java.lang.ThreadLocal@1b2febac]) and a value of type [org.springframework.security.core.context.SecurityContextImpl] (value [org.springframework.security.core.context.SecurityContextImpl@ffffffff: Null authentication]) but failed to remove it when the web application was stopped. Threads are going to be renewed over time to try and avoid a probable memory leak.
Sep 11, 2017 7:19:20 AM org.apache.catalina.loader.WebappClassLoaderBase checkThreadLocalMapForLeaks
SEVERE: The web application [] created a ThreadLocal with key of type [jetbrains.buildServer.util.ThreadStat$1] (value [jetbrains.buildServer.util.ThreadStat$1@6112d74b]) and a value of type [jetbrains.buildServer.util.ThreadStatNoOp] (value [jetbrains.buildServer.util.ThreadStatNoOp@337bd894]) but failed to remove it when the web application was stopped. Threads are going to be renewed over time to try and avoid a probable memory leak.
Sep 11, 2017 7:19:20 AM org.apache.coyote.AbstractProtocol stop
INFO: Stopping ProtocolHandler ["http-nio-8111"]
Sep 11, 2017 7:19:21 AM org.apache.coyote.AbstractProtocol destroy
INFO: Destroying ProtocolHandler ["http-nio-8111"]
Sep 11, 2017 7:19:45 AM org.apache.catalina.startup.VersionLoggerListener log
INFO: Server version:        Apache Tomcat/7.0.79
Sep 11, 2017 7:19:45 AM org.apache.catalina.startup.VersionLoggerListener log
INFO: Server built:          Jun 26 2017 16:25:20 UTC
Sep 11, 2017 7:19:45 AM org.apache.catalina.startup.VersionLoggerListener log
INFO: Server number:         7.0.79.0
Sep 11, 2017 7:19:45 AM org.apache.catalina.startup.VersionLoggerListener log
INFO: OS Name:               Linux
Sep 11, 2017 7:19:45 AM org.apache.catalina.startup.VersionLoggerListener log
INFO: OS Version:            4.9.41-moby
Sep 11, 2017 7:19:45 AM org.apache.catalina.startup.VersionLoggerListener log
INFO: Architecture:          amd64
Sep 11, 2017 7:19:45 AM org.apache.catalina.startup.VersionLoggerListener log
INFO: Java Home:             /usr/lib/jvm/oracle-jdk/jre
Sep 11, 2017 7:19:45 AM org.apache.catalina.startup.VersionLoggerListener log
INFO: JVM Version:           1.8.0_131-b11
Sep 11, 2017 7:19:45 AM org.apache.catalina.startup.VersionLoggerListener log
INFO: JVM Vendor:            Oracle Corporation
Sep 11, 2017 7:19:45 AM org.apache.catalina.startup.VersionLoggerListener log
INFO: CATALINA_BASE:         /opt/teamcity
Sep 11, 2017 7:19:45 AM org.apache.catalina.startup.VersionLoggerListener log
INFO: CATALINA_HOME:         /opt/teamcity
Sep 11, 2017 7:19:45 AM org.apache.catalina.startup.VersionLoggerListener log
INFO: Command line argument: -Djava.util.logging.config.file=/opt/teamcity/conf/logging.properties
Sep 11, 2017 7:19:45 AM org.apache.catalina.startup.VersionLoggerListener log
INFO: Command line argument: -Djava.util.logging.manager=org.apache.juli.ClassLoaderLogManager
Sep 11, 2017 7:19:45 AM org.apache.catalina.startup.VersionLoggerListener log
INFO: Command line argument: -Djdk.tls.ephemeralDHKeySize=2048
Sep 11, 2017 7:19:45 AM org.apache.catalina.startup.VersionLoggerListener log
INFO: Command line argument: -Xmx512m
Sep 11, 2017 7:19:45 AM org.apache.catalina.startup.VersionLoggerListener log
INFO: Command line argument: -Dteamcity.configuration.path=../conf/teamcity-startup.properties
Sep 11, 2017 7:19:45 AM org.apache.catalina.startup.VersionLoggerListener log
INFO: Command line argument: -Dlog4j.configuration=file:/opt/teamcity/bin/../conf/teamcity-server-log4j.xml
Sep 11, 2017 7:19:45 AM org.apache.catalina.startup.VersionLoggerListener log
INFO: Command line argument: -Dteamcity_logs=../logs/
Sep 11, 2017 7:19:45 AM org.apache.catalina.startup.VersionLoggerListener log
INFO: Command line argument: -Djava.awt.headless=true
Sep 11, 2017 7:19:45 AM org.apache.catalina.startup.VersionLoggerListener log
INFO: Command line argument: -Dtomcat.util.http.parser.HttpParser.requestTargetAllow={}
Sep 11, 2017 7:19:45 AM org.apache.catalina.startup.VersionLoggerListener log
INFO: Command line argument: -Djava.endorsed.dirs=/opt/teamcity/endorsed
Sep 11, 2017 7:19:45 AM org.apache.catalina.startup.VersionLoggerListener log
INFO: Command line argument: -Dcatalina.base=/opt/teamcity
Sep 11, 2017 7:19:45 AM org.apache.catalina.startup.VersionLoggerListener log
INFO: Command line argument: -Dcatalina.home=/opt/teamcity
Sep 11, 2017 7:19:45 AM org.apache.catalina.startup.VersionLoggerListener log
INFO: Command line argument: -Djava.io.tmpdir=/opt/teamcity/temp
Sep 11, 2017 7:19:45 AM org.apache.catalina.core.AprLifecycleListener lifecycleEvent
INFO: The APR based Apache Tomcat Native library which allows optimal performance in production environments was not found on the java.library.path: /usr/java/packages/lib/amd64:/usr/lib64:/lib64:/lib:/usr/lib
Sep 11, 2017 7:19:45 AM org.apache.coyote.AbstractProtocol init
INFO: Initializing ProtocolHandler ["http-nio-8111"]
Sep 11, 2017 7:19:46 AM org.apache.tomcat.util.net.NioSelectorPool getSharedSelector
INFO: Using a shared selector for servlet write/read
Sep 11, 2017 7:19:46 AM org.apache.catalina.startup.Catalina load
INFO: Initialization processed in 675 ms
Sep 11, 2017 7:19:46 AM org.apache.catalina.core.StandardService startInternal
INFO: Starting service Catalina
Sep 11, 2017 7:19:46 AM org.apache.catalina.core.StandardEngine startInternal
INFO: Starting Servlet Engine: Apache Tomcat/7.0.79
Sep 11, 2017 7:19:46 AM org.apache.catalina.startup.HostConfig deployDirectory
INFO: Deploying web application directory /opt/teamcity/webapps/ROOT
Sep 11, 2017 7:19:53 AM org.apache.catalina.startup.TldConfig execute
INFO: At least one JAR was scanned for TLDs yet contained no TLDs. Enable debug logging for this logger for a complete list of JARs that were scanned but no TLDs were found in them. Skipping unneeded JARs during scanning can improve startup time and JSP compilation time.
Using logs directory /opt/teamcity/logs
Log4J configuration file /opt/teamcity/bin/../conf/teamcity-server-log4j.xml will be monitored with interval 10 seconds.
Sep 11, 2017 7:19:54 AM org.apache.catalina.startup.HostConfig deployDirectory
INFO: Deployment of web application directory /opt/teamcity/webapps/ROOT has finished in 8,019 ms
Sep 11, 2017 7:19:54 AM org.apache.coyote.AbstractProtocol start
INFO: Starting ProtocolHandler ["http-nio-8111"]
Sep 11, 2017 7:19:54 AM org.apache.catalina.startup.Catalina start
INFO: Server startup in 8136 ms
TeamCity version: 2017.1.4 (build 47070), data format version 812
OS: Linux, version 4.9.41-moby, amd64, Current user: root, Time zone: UTC
Java: 1.8.0_131, Java HotSpot(TM) 64-Bit Server VM (25.131-b11, mixed mode), Java(TM) SE Runtime Environment (1.8.0_131-b11), Oracle Corporation; JVM parameters: -Djava.util.logging.config.file=/opt/teamcity/conf/logging.properties -Djava.util.logging.manager=org.apache.juli.ClassLoaderLogManager -Djdk.tls.ephemeralDHKeySize=2048 -Xmx512m -Dteamcity.configuration.path=../conf/teamcity-startup.properties -Dlog4j.configuration=file:/opt/teamcity/bin/../conf/teamcity-server-log4j.xml -Dteamcity_logs=../logs/ -Djava.awt.headless=true -Dtomcat.util.http.parser.HttpParser.requestTargetAllow={} -Djava.endorsed.dirs=/opt/teamcity/endorsed -Dcatalina.base=/opt/teamcity -Dcatalina.home=/opt/teamcity -Djava.io.tmpdir=/opt/teamcity/temp
=======================================================================
TeamCity initialized, server UUID: 5f3205c7-6a8b-4ea1-b248-dadb5f1cb1da, URL: http://localhost:8111
TeamCity is running in professional mode
Super user authentication token: "6210302891746314991". To login as Super user use an empty username and this token as a password on the login page.
Sep 11, 2017 7:24:30 AM org.apache.catalina.core.StandardServer await
INFO: A valid shutdown command was received via the shutdown port. Stopping the Server instance.
Sep 11, 2017 7:24:30 AM org.apache.coyote.AbstractProtocol pause
INFO: Pausing ProtocolHandler ["http-nio-8111"]
Sep 11, 2017 7:24:30 AM org.apache.catalina.core.StandardService stopInternal
INFO: Stopping service Catalina
2017-09-11 07:24:35
Full thread dump Java HotSpot(TM) 64-Bit Server VM (25.131-b11 mixed mode):

"localhost-startStop-2" #131 daemon prio=5 os_prio=0 tid=0x00007f90b82be000 nid=0xd1 in Object.wait() [0x00007f90a0b41000]
   java.lang.Thread.State: TIMED_WAITING (on object monitor)
Sep 11, 2017 7:24:48 AM org.apache.catalina.startup.VersionLoggerListener log
INFO: Server version:        Apache Tomcat/7.0.79
Sep 11, 2017 7:24:48 AM org.apache.catalina.startup.VersionLoggerListener log
INFO: Server built:          Jun 26 2017 16:25:20 UTC
Sep 11, 2017 7:24:48 AM org.apache.catalina.startup.VersionLoggerListener log
INFO: Server number:         7.0.79.0
Sep 11, 2017 7:24:48 AM org.apache.catalina.startup.VersionLoggerListener log
INFO: OS Name:               Linux
Sep 11, 2017 7:24:48 AM org.apache.catalina.startup.VersionLoggerListener log
INFO: OS Version:            4.9.41-moby
Sep 11, 2017 7:24:48 AM org.apache.catalina.startup.VersionLoggerListener log
INFO: Architecture:          amd64
Sep 11, 2017 7:24:48 AM org.apache.catalina.startup.VersionLoggerListener log
INFO: Java Home:             /usr/lib/jvm/oracle-jdk/jre
Sep 11, 2017 7:24:48 AM org.apache.catalina.startup.VersionLoggerListener log
INFO: JVM Version:           1.8.0_131-b11
Sep 11, 2017 7:24:48 AM org.apache.catalina.startup.VersionLoggerListener log
INFO: JVM Vendor:            Oracle Corporation
Sep 11, 2017 7:24:48 AM org.apache.catalina.startup.VersionLoggerListener log
INFO: CATALINA_BASE:         /opt/teamcity
Sep 11, 2017 7:24:48 AM org.apache.catalina.startup.VersionLoggerListener log
INFO: CATALINA_HOME:         /opt/teamcity
Sep 11, 2017 7:24:48 AM org.apache.catalina.startup.VersionLoggerListener log
INFO: Command line argument: -Djava.util.logging.config.file=/opt/teamcity/conf/logging.properties
Sep 11, 2017 7:24:48 AM org.apache.catalina.startup.VersionLoggerListener log
INFO: Command line argument: -Djava.util.logging.manager=org.apache.juli.ClassLoaderLogManager
Sep 11, 2017 7:24:48 AM org.apache.catalina.startup.VersionLoggerListener log
INFO: Command line argument: -Djdk.tls.ephemeralDHKeySize=2048
Sep 11, 2017 7:24:48 AM org.apache.catalina.startup.VersionLoggerListener log
INFO: Command line argument: -Xmx512m
Sep 11, 2017 7:24:48 AM org.apache.catalina.startup.VersionLoggerListener log
INFO: Command line argument: -Dteamcity.configuration.path=../conf/teamcity-startup.properties
Sep 11, 2017 7:24:48 AM org.apache.catalina.startup.VersionLoggerListener log
INFO: Command line argument: -Dlog4j.configuration=file:/opt/teamcity/bin/../conf/teamcity-server-log4j.xml
Sep 11, 2017 7:24:48 AM org.apache.catalina.startup.VersionLoggerListener log
INFO: Command line argument: -Dteamcity_logs=../logs/
Sep 11, 2017 7:24:48 AM org.apache.catalina.startup.VersionLoggerListener log
INFO: Command line argument: -Djava.awt.headless=true
Sep 11, 2017 7:24:48 AM org.apache.catalina.startup.VersionLoggerListener log
INFO: Command line argument: -Dtomcat.util.http.parser.HttpParser.requestTargetAllow={}
Sep 11, 2017 7:24:48 AM org.apache.catalina.startup.VersionLoggerListener log
INFO: Command line argument: -Djava.endorsed.dirs=/opt/teamcity/endorsed
Sep 11, 2017 7:24:48 AM org.apache.catalina.startup.VersionLoggerListener log
INFO: Command line argument: -Dcatalina.base=/opt/teamcity
Sep 11, 2017 7:24:48 AM org.apache.catalina.startup.VersionLoggerListener log
INFO: Command line argument: -Dcatalina.home=/opt/teamcity
Sep 11, 2017 7:24:48 AM org.apache.catalina.startup.VersionLoggerListener log
INFO: Command line argument: -Djava.io.tmpdir=/opt/teamcity/temp
Sep 11, 2017 7:24:48 AM org.apache.catalina.core.AprLifecycleListener lifecycleEvent
INFO: The APR based Apache Tomcat Native library which allows optimal performance in production environments was not found on the java.library.path: /usr/java/packages/lib/amd64:/usr/lib64:/lib64:/lib:/usr/lib
Sep 11, 2017 7:24:48 AM org.apache.coyote.AbstractProtocol init
INFO: Initializing ProtocolHandler ["http-nio-8111"]
Sep 11, 2017 7:24:48 AM org.apache.tomcat.util.net.NioSelectorPool getSharedSelector
INFO: Using a shared selector for servlet write/read
Sep 11, 2017 7:24:48 AM org.apache.catalina.startup.Catalina load
INFO: Initialization processed in 1175 ms
Sep 11, 2017 7:24:48 AM org.apache.catalina.core.StandardService startInternal
INFO: Starting service Catalina
Sep 11, 2017 7:24:48 AM org.apache.catalina.core.StandardEngine startInternal
INFO: Starting Servlet Engine: Apache Tomcat/7.0.79
Sep 11, 2017 7:24:48 AM org.apache.catalina.startup.HostConfig deployDirectory
INFO: Deploying web application directory /opt/teamcity/webapps/ROOT
Sep 11, 2017 7:24:55 AM org.apache.catalina.startup.TldConfig execute
INFO: At least one JAR was scanned for TLDs yet contained no TLDs. Enable debug logging for this logger for a complete list of JARs that were scanned but no TLDs were found in them. Skipping unneeded JARs during scanning can improve startup time and JSP compilation time.
Using logs directory /opt/teamcity/logs
Log4J configuration file /opt/teamcity/bin/../conf/teamcity-server-log4j.xml will be monitored with interval 10 seconds.
Sep 11, 2017 7:24:56 AM org.apache.catalina.startup.HostConfig deployDirectory
INFO: Deployment of web application directory /opt/teamcity/webapps/ROOT has finished in 7,499 ms
Sep 11, 2017 7:24:56 AM org.apache.coyote.AbstractProtocol start
INFO: Starting ProtocolHandler ["http-nio-8111"]
Sep 11, 2017 7:24:56 AM org.apache.catalina.startup.Catalina start
INFO: Server startup in 7681 ms
TeamCity version: 2017.1.4 (build 47070), data format version 812
OS: Linux, version 4.9.41-moby, amd64, Current user: root, Time zone: UTC
Java: 1.8.0_131, Java HotSpot(TM) 64-Bit Server VM (25.131-b11, mixed mode), Java(TM) SE Runtime Environment (1.8.0_131-b11), Oracle Corporation; JVM parameters: -Djava.util.logging.config.file=/opt/teamcity/conf/logging.properties -Djava.util.logging.manager=org.apache.juli.ClassLoaderLogManager -Djdk.tls.ephemeralDHKeySize=2048 -Xmx512m -Dteamcity.configuration.path=../conf/teamcity-startup.properties -Dlog4j.configuration=file:/opt/teamcity/bin/../conf/teamcity-server-log4j.xml -Dteamcity_logs=../logs/ -Djava.awt.headless=true -Dtomcat.util.http.parser.HttpParser.requestTargetAllow={} -Djava.endorsed.dirs=/opt/teamcity/endorsed -Dcatalina.base=/opt/teamcity -Dcatalina.home=/opt/teamcity -Djava.io.tmpdir=/opt/teamcity/temp
=======================================================================
TeamCity initialized, server UUID: 5f3205c7-6a8b-4ea1-b248-dadb5f1cb1da, URL: http://localhost:8111
TeamCity is running in professional mode
Super user authentication token: "3464159176057810844". To login as Super user use an empty username and this token as a password on the login page.
Sep 11, 2017 7:28:31 AM org.apache.catalina.core.StandardServer await
INFO: A valid shutdown command was received via the shutdown port. Stopping the Server instance.
Sep 11, 2017 7:28:31 AM org.apache.coyote.AbstractProtocol pause
INFO: Pausing ProtocolHandler ["http-nio-8111"]
Sep 11, 2017 7:28:31 AM org.apache.catalina.core.StandardService stopInternal
INFO: Stopping service Catalina
2017-09-11 07:28:36
Full thread dump Java HotSpot(TM) 64-Bit Server VM (25.131-b11 mixed mode):

"localhost-startStop-2" #128 daemon prio=5 os_prio=0 tid=0x00007faa68440800 nid=0xcf in Object.wait() [0x00007faa0c3e9000]
   java.lang.Thread.State: TIMED_WAITING (on object monitor)
	at java.lang.Object.wait(Native Method)
	at jetbrains.buildServer.maintenance.StartupContext.waitForStageLock(StartupContext.java:13)
	at jetbrains.buildServer.maintenance.StartupContext.waitWhileProcessingInfinitely(StartupContext.java:147)
	- locked <0x00000000e0a5bf78> (a java.lang.Object)
	at jetbrains.buildServer.maintenance.TeamCityDispatcherServlet.destroy(TeamCityDispatcherServlet.java:46)
	at org.apache.catalina.core.StandardWrapper.unload(StandardWrapper.java:1471)
	- locked <0x00000000e0a3bd08> 